<?xml version="1.0" encoding="UTF-8"?>
<!-- Generated by org.testng.reporters.JUnitReportReporter -->
<testsuite hostname="DESKTOP-3FQN7BV" failures="0" tests="2" name="milacode.tests.SubmitOrderTest" time="22.713" errors="0" timestamp="2025-10-30T01:39:05 PDT" skipped="0">
  <testcase classname="milacode.tests.SubmitOrderTest" name="submitOrder" time="13.088"/>
  <testcase classname="milacode.tests.SubmitOrderTest" name="submitOrder" time="9.625"/>
</testsuite> <!-- milacode.tests.SubmitOrderTest -->
