<?xml version="1.0" encoding="UTF-8"?>
<!-- Generated by org.testng.reporters.JUnitReportReporter -->
<testsuite hostname="DESKTOP-3FQN7BV" failures="0" tests="1" name="cucumber.TestNGTestRunner" time="10.468" errors="0" timestamp="2025-10-30T03:24:12 PDT" skipped="0">
  <testcase classname="cucumber.TestNGTestRunner" name="runScenario" time="10.468"/>
</testsuite> <!-- cucumber.TestNGTestRunner -->
