<?xml version="1.0" encoding="UTF-8"?>
<!-- Generated by org.testng.reporters.JUnitReportReporter -->
<testsuite hostname="DESKTOP-3FQN7BV" failures="0" tests="1" name="cucumber.TestNGTestRunner" time="9.776" errors="0" timestamp="2025-10-30T04:14:46 PDT" skipped="0">
  <testcase classname="cucumber.TestNGTestRunner" name="runScenario" time="9.776"/>
</testsuite> <!-- cucumber.TestNGTestRunner -->
