<?xml version="1.0" encoding="UTF-8"?>
<!-- Generated by org.testng.reporters.JUnitReportReporter -->
<testsuite hostname="DESKTOP-3FQN7BV" failures="0" tests="2" name="milacode.tests.ErrorValidations" time="14.163" errors="0" timestamp="2025-10-30T04:14:25 PDT" skipped="0">
  <testcase classname="milacode.tests.ErrorValidations" name="ProductErrorValidation" time="9.542"/>
  <testcase classname="milacode.tests.ErrorValidations" name="LoginErrorValidation" time="4.621"/>
</testsuite> <!-- milacode.tests.ErrorValidations -->
