<?xml version="1.0" encoding="UTF-8"?>
<!-- Generated by org.testng.reporters.JUnitReportReporter -->
<testsuite hostname="DESKTOP-3FQN7BV" failures="0" tests="3" name="milacode.tests.SubmitOrderTest" time="27.026" errors="0" timestamp="2025-10-30T04:14:25 PDT" skipped="0">
  <testcase classname="milacode.tests.SubmitOrderTest" name="submitOrder" time="8.854"/>
  <testcase classname="milacode.tests.SubmitOrderTest" name="submitOrder" time="11.886"/>
  <testcase classname="milacode.tests.SubmitOrderTest" name="OrderHistoryTest" time="6.286"/>
</testsuite> <!-- milacode.tests.SubmitOrderTest -->
